<?xml version="1.0" encoding="UTF-8"?>
<!-- Generated by org.testng.reporters.JUnitReportReporter -->
<testsuite hostname="IBM-PF44B55B" failures="0" tests="1" name="com.tutorialsninja.qa.testcases.EndToEndTest" time="16.101" errors="0" timestamp="2023-11-21T08:49:01 EST" skipped="0">
  <testcase classname="com.tutorialsninja.qa.testcases.EndToEndTest" name="EndToEndTest" time="16.101"/>
</testsuite> <!-- com.tutorialsninja.qa.testcases.EndToEndTest -->
