<?xml version="1.0" encoding="UTF-8"?>
<!-- Generated by org.testng.reporters.JUnitReportReporter -->
<testsuite hostname="IBM-PF44B55B" failures="0" tests="3" name="com.tutorialsninja.qa.testcases.SearchTest" time="23.367" errors="0" timestamp="2023-11-21T08:49:01 EST" skipped="0">
  <testcase classname="com.tutorialsninja.qa.testcases.SearchTest" name="VerifySearchWithValidProduct" time="8.672"/>
  <testcase classname="com.tutorialsninja.qa.testcases.SearchTest" name="VerifySearchWithInvalidProduct" time="7.967"/>
  <testcase classname="com.tutorialsninja.qa.testcases.SearchTest" name="VerifySearchWithoutAnyProduct" time="6.728"/>
</testsuite> <!-- com.tutorialsninja.qa.testcases.SearchTest -->
