<?xml version="1.0" encoding="UTF-8"?>
<!-- Generated by org.testng.reporters.JUnitReportReporter -->
<testsuite hostname="IBM-PF44B55B" failures="0" tests="4" name="com.tutorialsninja.qa.testcases.RegisterTest" time="30.965" errors="0" timestamp="2023-11-21T08:49:01 EST" skipped="0">
  <testcase classname="com.tutorialsninja.qa.testcases.RegisterTest" name="VerifyRegisteringAnAccountWithMandatoryFields" time="7.914"/>
  <testcase classname="com.tutorialsninja.qa.testcases.RegisterTest" name="VerifyRegisteringAccountbyProvidingAllTheFields" time="7.872"/>
  <testcase classname="com.tutorialsninja.qa.testcases.RegisterTest" name="VerifyRegisteringAccountWithExistingEmailAddress" time="8.530"/>
  <testcase classname="com.tutorialsninja.qa.testcases.RegisterTest" name="VerifyRegisteringAnAccountWithoutFillingAnyDetails" time="6.649"/>
</testsuite> <!-- com.tutorialsninja.qa.testcases.RegisterTest -->
