<?xml version="1.0" encoding="UTF-8"?>
<!-- Generated by org.testng.reporters.JUnitReportReporter -->
<testsuite hostname="IBM-PF44B55B" failures="0" tests="7" name="com.tutorialsninja.qa.testcases.LoginTest" time="68.375" errors="0" timestamp="2023-11-21T08:49:01 EST" skipped="0">
  <testcase classname="com.tutorialsninja.qa.testcases.LoginTest" name="VerifyLoginWithValidCredentials" time="28.640"/>
  <testcase classname="com.tutorialsninja.qa.testcases.LoginTest" name="VerifyLoginWithValidCredentials" time="6.735"/>
  <testcase classname="com.tutorialsninja.qa.testcases.LoginTest" name="VerifyLoginWithValidCredentials" time="7.675"/>
  <testcase classname="com.tutorialsninja.qa.testcases.LoginTest" name="VerifyLoginWithInvalidCredentials" time="5.835"/>
  <testcase classname="com.tutorialsninja.qa.testcases.LoginTest" name="verifyEmailwithInvalidEmailandValidPassword" time="5.800"/>
  <testcase classname="com.tutorialsninja.qa.testcases.LoginTest" name="verifyLoginwithValidEmailandInvalidPassword" time="8.287"/>
  <testcase classname="com.tutorialsninja.qa.testcases.LoginTest" name="verifyLoginWithoutProvidingCredentials" time="5.403"/>
</testsuite> <!-- com.tutorialsninja.qa.testcases.LoginTest -->
